
================================================================
======== txAdmin v6.0.2 atop fxserver 7037 Starting - 03/11/2023, 16:33:48
================================================================

================================================================
======== Log Rotated - 03/11/2023, 16:33:49                     
================================================================

================================================================
======== txAdmin v6.0.2 atop fxserver 7037 Starting - 03/11/2023, 16:34:49
================================================================
[16:35:51][haikun] logged in from 127.0.0.1 via password
[16:38:15][haikun] executed "ensure "m3g80""
[16:38:43][haikun] executed "RESTART SERVER"
[16:40:37][haikun] executed "RESTART SERVER"
[16:41:33][Celestibus] logged in via in-game ui
[16:44:30][haikun] logged in via in-game ui
[16:46:26][haikun] executed "ensure "m3g80""
[17:10:53][haikun] executed "RESTART SERVER"
[17:11:34][haikun] logged in via in-game ui
[17:14:27][haikun] executed "RESTART SERVER"
[17:18:59][haikun] logged in via in-game ui
[18:08:57][haikun] logged in from via NUI iframe
[18:09:13][haikun] Adding admin 'toketsux1'.
[18:09:14][haikun] logged in via in-game ui
[18:09:14][toketsux1] logged in via in-game ui
[18:11:07][haikun] Adding admin 'ayrone'.
[18:11:07][haikun] logged in via in-game ui
[18:11:07][ayrone] logged in via in-game ui
[18:11:07][toketsux1] logged in via in-game ui
[18:14:19][haikun] logged in from via NUI iframe
[18:15:20][toketsux1] Sending announcement: niquer ta lere
[18:16:36][ayrone] logged in from via NUI iframe
