
================================================================
======== Log Rotated - 03/11/2023, 16:33:49                     
================================================================

================================================================
======== FXServer Starting - 03/11/2023, 16:33:55               
================================================================
[           resources] Scanning resources.
[           resources] Found 80 resources.
[          svadhesive] Authenticating server license key...
[          svadhesive] Server license key authentication succeeded. Welcome!
[    c-scripting-core] Creating script environments for sessionmanager
[           resources] Started resource sessionmanager
[    c-scripting-core] Creating script environments for monitor
[      script:monitor] [txAdmin] Resource v6.0.2 threads and commands set up. All Ready.
[           resources] Started resource monitor
[ citizen-server-impl] Could not open esxLogo.png for reading.
[    c-scripting-core] Creating script environments for yarn
[           resources] Started resource yarn
[    c-scripting-core] Creating script environments for webpack
[           resources] Started resource webpack
[    c-scripting-core] Creating script environments for chat
[           resources] Started resource chat
[           resources] Started resource spawnmanager
[38;5;161m[    c-scripting-core] Creating script environments for hardcap
[           resources] Started resource hardcap
[    c-scripting-core] Creating script environments for oxmysql
[38;5;83m[           resources] Started resource oxmysql
[           resources] Started resource bob74_ipl
[    c-scripting-core] Creating script environments for cron
[           resources] Started resource cron
[    c-scripting-core] Creating script environments for es_extended
[           resources] Started resource es_extended
[    c-scripting-core] Creating script environments for esx_context
[           resources] Started resource esx_context
[    c-scripting-core] [97mCreating script environments for esx_identity
[           resources] Started resource esx_identity
[    c-scripting-core] Creating script environments for esx_loadingscreen
[           resources] Started resource esx_loadingscreen
[           resources] Started resource esx_menu_default
[           resources] Started resource esx_menu_dialog
[           resources] Started resource esx_menu_list
[           resources] Started resource skinchanger
[    c-scripting-core] [97mCreating script environments for esx_skin
[           resources] Started resource esx_skin
[    c-scripting-core] Creating script environments for esx_multicharacter
[           resources] Started resource esx_multicharacter
[38;5;161m[    c-scripting-core] Creating script environments for esx_notify
[           resources] Started resource esx_notify
[    c-scripting-core] Creating script environments for esx_progressbar
[           resources] Started resource esx_progressbar
[    c-scripting-core] Creating script environments for esx_textui
[           resources] Started resource esx_textui
[38;5;161m[    c-scripting-core] Creating script environments for pma-voice
[           resources] Started resource pma-voice
[    c-scripting-core] Creating script environments for esx_datastore
[           resources] Started resource esx_datastore
[    c-scripting-core] Creating script environments for esx_accessories
[           resources] Started resource esx_accessories
[    c-scripting-core] Creating script environments for esx_addonaccount
[           resources] Started resource esx_addonaccount
[    c-scripting-core] Creating script environments for esx_addoninventory
[           resources] Started resource esx_addoninventory
[    c-scripting-core] Creating script environments for esx_vehicleshop
[           resources] Started resource esx_vehicleshop
[    c-scripting-core] Creating script environments for esx_ambulancejob
[           resources] Started resource esx_ambulancejob
[           resources] Started resource esx_animations
[    c-scripting-core] Creating script environments for esx_banking
[           resources] Started resource esx_banking
[    c-scripting-core] Creating script environments for esx_barbershop
[           resources] Started resource esx_barbershop
[    c-scripting-core] Creating script environments for esx_status
[           resources] Started resource esx_status
[    c-scripting-core] Creating script environments for esx_basicneeds
[           resources] Started resource esx_basicneeds
[    c-scripting-core] Creating script environments for esx_billing
[           resources] Started resource esx_billing
[    c-scripting-core] [0mCreating script environments for esx_boat
[           resources] Started resource esx_boat
[38;5;161m[    c-scripting-core] Creating script environments for esx_clotheshop
[           resources] Started resource esx_clotheshop
[           resources] Started resource esx_cruisecontrol
[    c-scripting-core] Creating script environments for esx_license
[           resources] Started resource esx_license
[38;5;161m[    c-scripting-core] Creating script environments for esx_dmvschool
[           resources] Started resource esx_dmvschool
[    c-scripting-core] Creating script environments for esx_drugs
[           resources] [0mStarted resource esx_drugs
[    c-scripting-core] Creating script environments for esx_garage
[           resources] Started resource esx_garage
[    c-scripting-core] Creating script environments for esx_hud
[           resources] Started resource esx_hud
[    c-scripting-core] Creating script environments for esx_joblisting
[           resources] Started resource esx_joblisting
[    c-scripting-core] Creating script environments for esx_jobs
[           resources] Started resource esx_jobs
[    c-scripting-core] Creating script environments for esx_lscustom
[           resources] Started resource esx_lscustom
[    c-scripting-core] Creating script environments for esx_society
[           resources] Started resource esx_society
[    c-scripting-core] Creating script environments for esx_mechanicjob
[           resources] Started resource esx_mechanicjob
[    c-scripting-core] Creating script environments for esx_optionalneeds
[           resources] Started resource esx_optionalneeds
[    c-scripting-core] Creating script environments for esx_policejob
[           resources] Started resource esx_policejob
[    c-scripting-core] Creating script environments for esx_property
[           resources] Started resource esx_property
[    c-scripting-core] Creating script environments for esx_rpchat
[           resources] [0mStarted resource esx_rpchat
[    c-scripting-core] Creating script environments for esx_service
[           resources] Started resource esx_service
[    c-scripting-core] Creating script environments for esx_sit
[           resources] Started resource esx_sit
[    c-scripting-core] Creating script environments for esx_taxijob
[           resources] [0mStarted resource esx_taxijob
[    c-scripting-core] Creating script environments for ox_lib
[           resources] Started resource ox_lib
[    c-scripting-core] Creating script environments for ox_target
[           resources] Started resource ox_target
[    c-scripting-core] Creating script environments for ox_doorlock
[38;5;83m[           resources] Started resource ox_doorlock
[38;5;161m[    c-scripting-core] Creating script environments for ox_inventory
[           resources] Started resource ox_inventory
[    c-scripting-core] Creating script environments for ox_fuel
[           resources] Started resource ox_fuel
[      script:oxmysql] Unable to establish a connection to the database (ECONNREFUSED)!
[      script:oxmysql] Error -4078: connect ECONNREFUSED 127.0.0.1:3306
[ citizen-server-impl]         fff                          
[ citizen-server-impl]   cccc ff   xx  xx     rr rr    eee  
[ citizen-server-impl] cc     ffff   xx       rrr  r ee   e 
[ citizen-server-impl] cc     ff     xx   ... rr     eeeee  
[ citizen-server-impl]  ccccc ff   xx  xx ... rr      eeeee 
[ citizen-server-impl]                                      
[ citizen-server-impl] Authenticated with cfx.re Nucleus: https://haikun-ogrdox.users.cfx.re/
[      script:esx_hud] [INFO] esx_hud: Vous utilisez la dernière version!
[ citizen-server-main] -> Quitting: SIGHUP received

================================================================
======== FXServer Starting - 03/11/2023, 16:34:50               
================================================================
[           resources] Scanning resources.
[           resources] Found 80 resources.
[          svadhesive] Authenticating server license key...
[          svadhesive] Server license key authentication succeeded. Welcome!
[    c-scripting-core] Creating script environments for sessionmanager
[           resources] [0mStarted resource sessionmanager
[    c-scripting-core] Creating script environments for monitor
[      script:monitor] [txAdmin][97m Resource v6.0.2 threads and commands set up. All Ready.
[           resources] Started resource monitor
[ citizen-server-impl] Could not open esxLogo.png for reading.
[    c-scripting-core] Creating script environments for yarn
[           resources] Started resource yarn
[    c-scripting-core] Creating script environments for webpack
[           resources] Started resource webpack
[    c-scripting-core] Creating script environments for chat
[           resources] Started resource chat
[           resources] Started resource spawnmanager
[    c-scripting-core] Creating script environments for hardcap
[           resources] Started resource hardcap
[    c-scripting-core] Creating script environments for oxmysql
[           resources] Started resource oxmysql
[           resources] Started resource bob74_ipl
[    c-scripting-core] Creating script environments for cron
[           resources] Started resource cron
[    c-scripting-core] Creating script environments for es_extended
[           resources] Started resource es_extended
[    c-scripting-core] Creating script environments for esx_context
[           resources] Started resource esx_context
[    c-scripting-core] Creating script environments for esx_identity
[           resources] Started resource esx_identity
[    c-scripting-core] Creating script environments for esx_loadingscreen
[           resources] Started resource esx_loadingscreen
[           resources] Started resource esx_menu_default
[           resources] Started resource esx_menu_dialog
[           resources] Started resource esx_menu_list
[           resources] Started resource skinchanger
[    c-scripting-core] Creating script environments for esx_skin
[           resources] Started resource esx_skin
[    c-scripting-core] [0mCreating script environments for esx_multicharacter
[           resources] Started resource esx_multicharacter
[    c-scripting-core] Creating script environments for esx_notify
[           resources] Started resource esx_notify
[    c-scripting-core] Creating script environments for esx_progressbar
[           resources] Started resource esx_progressbar
[    c-scripting-core] Creating script environments for esx_textui
[           resources] Started resource esx_textui
[    c-scripting-core] [0mCreating script environments for pma-voice
[           resources] [97mStarted resource pma-voice
[    c-scripting-core] Creating script environments for esx_datastore
[           resources] Started resource esx_datastore
[    c-scripting-core] [0mCreating script environments for esx_accessories
[           resources] Started resource esx_accessories
[    c-scripting-core] Creating script environments for esx_addonaccount
[           resources] Started resource esx_addonaccount
[    c-scripting-core] Creating script environments for esx_addoninventory
[           resources] Started resource esx_addoninventory
[    c-scripting-core] Creating script environments for esx_vehicleshop
[           resources] [0mStarted resource esx_vehicleshop
[    c-scripting-core] [97mCreating script environments for esx_ambulancejob
[           resources] Started resource esx_ambulancejob
[           resources] Started resource esx_animations
[    c-scripting-core] Creating script environments for esx_banking
[           resources] [97mStarted resource esx_banking
[    c-scripting-core] [97mCreating script environments for esx_barbershop
[           resources] Started resource esx_barbershop
[    c-scripting-core] Creating script environments for esx_status
[           resources] [97mStarted resource esx_status
[    c-scripting-core] [97mCreating script environments for esx_basicneeds
[           resources] Started resource esx_basicneeds
[    c-scripting-core] Creating script environments for esx_billing
[           resources] Started resource esx_billing
[    c-scripting-core] Creating script environments for esx_boat
[           resources] Started resource esx_boat
[    c-scripting-core] Creating script environments for esx_clotheshop
[           resources] Started resource esx_clotheshop
[           resources] Started resource esx_cruisecontrol
[    c-scripting-core] Creating script environments for esx_license
[           resources] Started resource esx_license
[    c-scripting-core] Creating script environments for esx_dmvschool
[           resources] Started resource esx_dmvschool
[    c-scripting-core] Creating script environments for esx_drugs
[           resources] Started resource esx_drugs
[    c-scripting-core] Creating script environments for esx_garage
[           resources] Started resource esx_garage
[    c-scripting-core] Creating script environments for esx_hud
[           resources] Started resource esx_hud
[    c-scripting-core] Creating script environments for esx_joblisting
[           resources] Started resource esx_joblisting
[    c-scripting-core] Creating script environments for esx_jobs
[           resources] Started resource esx_jobs
[    c-scripting-core] Creating script environments for esx_lscustom
[           resources] [0mStarted resource esx_lscustom
[    c-scripting-core] Creating script environments for esx_society
[           resources] Started resource esx_society
[    c-scripting-core] Creating script environments for esx_mechanicjob
[           resources] Started resource esx_mechanicjob
[    c-scripting-core] Creating script environments for esx_optionalneeds
[           resources] Started resource esx_optionalneeds
[    c-scripting-core] Creating script environments for esx_policejob
[           resources] Started resource esx_policejob
[    c-scripting-core] Creating script environments for esx_property
[           resources] Started resource esx_property
[    c-scripting-core] Creating script environments for esx_rpchat
[           resources] Started resource esx_rpchat
[    c-scripting-core] [97mCreating script environments for esx_service
[           resources] Started resource esx_service
[    c-scripting-core] Creating script environments for esx_sit
[           resources] Started resource esx_sit
[    c-scripting-core] Creating script environments for esx_taxijob
[           resources] Started resource esx_taxijob
[    c-scripting-core] Creating script environments for ox_lib
[           resources] Started resource ox_lib
[    c-scripting-core] Creating script environments for ox_target
[           resources] Started resource ox_target
[    c-scripting-core] Creating script environments for ox_doorlock
[           resources] [0mStarted resource ox_doorlock
[    c-scripting-core] Creating script environments for ox_inventory
[           resources] [97mStarted resource ox_inventory
[    c-scripting-core] Creating script environments for ox_fuel
[           resources] Started resource ox_fuel
[      script:oxmysql] [36m[10.4.28-MariaDB] Database server connection established!
[ citizen-server-impl]         fff                          
[ citizen-server-impl]   cccc ff   xx  xx     rr rr    eee  
[ citizen-server-impl] cc     ffff   xx       rrr  r ee   e 
[ citizen-server-impl] cc     ff     xx   ... rr     eeeee  
[ citizen-server-impl]  ccccc ff   xx  xx ... rr      eeeee 
[ citizen-server-impl]                                      
[ citizen-server-impl] Authenticated with cfx.re Nucleus: https://haikun-ogrdox.users.cfx.re/
[ script:ox_inventory] [info] Database contains 33 items.
[  script:es_extended] [INFO] ESX Legacy 1.10.2 initialized!
[      script:esx_hud] [INFO[0m] esx_hud: Vous utilisez la dernière version!
[ script:ox_inventory] [info] Inventory has loaded 235 items
[ script:esx_property] [INFO] Added Property into datastore_data table
> txaReportResources
[      script:monitor] [txAdmin] Sending resources list to txAdmin.
[ citizen-server-impl] sync thread hitch warning: timer interval of 102 milliseconds
> ensure "m3g80"
[     resources:m3g80] [0mWarning: could not find file `data/**/vehiclelayouts.meta` (defined in fxmanifest.lua:4)
[resources:m3g80:stre] Asset m3g80/m3g80.yft uses 24.6 MiB of virtual memory.
[resources:m3g80:stre] Asset m3g80/m3g80.ytd uses 26.0 MiB of physical memory.
[resources:m3g80:stre] Asset m3g80/m3g80_hi.yft uses 21.8 MiB of virtual memory.
[           resources] Started resource m3g80 (4 warnings)
[ citizen-server-impl] server thread hitch warning: timer interval of 237 milliseconds
> txaReportResources
[      script:monitor] [txAdmin] Sending resources list to txAdmin.
> txaEvent "serverShuttingDown" "{＂delay＂:5000,＂author＂:＂haikun＂,＂message＂:＂Le serveur redémarre (requested by haikun).＂}"
[38;5;84m[      script:monitor] [txAdmin] Server shutdown imminent. Kicking all players.

================================================================
======== FXServer Starting - 03/11/2023, 16:38:49               
================================================================
[           resources] [0mScanning resources.
[           resources] Found 80 resources.
[          svadhesive] Authenticating server license key...
[          svadhesive] Server license key authentication succeeded. Welcome!
[    c-scripting-core] Creating script environments for sessionmanager
[           resources] Started resource sessionmanager
[    c-scripting-core] Creating script environments for monitor
[      script:monitor] [txAdmin] Resource v6.0.2 threads and commands set up. All Ready.
[           resources] Started resource monitor
[ citizen-server-impl] Could not open esxLogo.png for reading.
[    c-scripting-core] [0mCreating script environments for yarn
[           resources] Started resource yarn
[    c-scripting-core] Creating script environments for webpack
[           resources] Started resource webpack
[    c-scripting-core] Creating script environments for chat
[           resources] Started resource chat
[           resources] Started resource spawnmanager
[    c-scripting-core] Creating script environments for hardcap
[           resources] Started resource hardcap
[    c-scripting-core] Creating script environments for oxmysql
[           resources] Started resource oxmysql
[           resources] Started resource bob74_ipl
[    c-scripting-core] Creating script environments for cron
[           resources] Started resource cron
[    c-scripting-core] Creating script environments for es_extended
[           resources] Started resource es_extended
[    c-scripting-core] Creating script environments for esx_context
[           resources] Started resource esx_context
[    c-scripting-core] Creating script environments for esx_identity
[           resources] [0mStarted resource esx_identity
[    c-scripting-core] Creating script environments for esx_loadingscreen
[           resources] Started resource esx_loadingscreen
[           resources] Started resource esx_menu_default
[           resources] Started resource esx_menu_dialog
[           resources] Started resource esx_menu_list
[           resources] Started resource skinchanger
[    c-scripting-core] Creating script environments for esx_skin
[           resources] [0mStarted resource esx_skin
[    c-scripting-core] Creating script environments for esx_multicharacter
[           resources] Started resource esx_multicharacter
[    c-scripting-core] Creating script environments for esx_notify
[           resources] Started resource esx_notify
[    c-scripting-core] Creating script environments for esx_progressbar
[           resources] Started resource esx_progressbar
[    c-scripting-core] Creating script environments for esx_textui
[           resources] Started resource esx_textui
[    c-scripting-core] Creating script environments for pma-voice
[           resources] Started resource pma-voice
[    c-scripting-core] Creating script environments for esx_datastore
[           resources] Started resource esx_datastore
[    c-scripting-core] [0mCreating script environments for esx_accessories
[           resources] Started resource esx_accessories
[    c-scripting-core] Creating script environments for esx_addonaccount
[           resources] Started resource esx_addonaccount
[    c-scripting-core] Creating script environments for esx_addoninventory
[           resources] Started resource esx_addoninventory
[    c-scripting-core] Creating script environments for esx_vehicleshop
[           resources] Started resource esx_vehicleshop
[    c-scripting-core] Creating script environments for esx_ambulancejob
[           resources] Started resource esx_ambulancejob
[           resources] Started resource esx_animations
[    c-scripting-core] Creating script environments for esx_banking
[           resources] Started resource esx_banking
[    c-scripting-core] Creating script environments for esx_barbershop
[           resources] Started resource esx_barbershop
[    c-scripting-core] Creating script environments for esx_status
[           resources] Started resource esx_status
[    c-scripting-core] Creating script environments for esx_basicneeds
[           resources] Started resource esx_basicneeds
[    c-scripting-core] Creating script environments for esx_billing
[           resources] Started resource esx_billing
[    c-scripting-core] Creating script environments for esx_boat
[           resources] Started resource esx_boat
[    c-scripting-core] Creating script environments for esx_clotheshop
[           resources] Started resource esx_clotheshop
[           resources] Started resource esx_cruisecontrol
[    c-scripting-core] Creating script environments for esx_license
[           resources] Started resource esx_license
[    c-scripting-core] [97mCreating script environments for esx_dmvschool
[           resources] Started resource esx_dmvschool
[    c-scripting-core] Creating script environments for esx_drugs
[           resources] Started resource esx_drugs
[    c-scripting-core] Creating script environments for esx_garage
[           resources] Started resource esx_garage
[    c-scripting-core] Creating script environments for esx_hud
[           resources] Started resource esx_hud
[    c-scripting-core] Creating script environments for esx_joblisting
[           resources] Started resource esx_joblisting
[    c-scripting-core] Creating script environments for esx_jobs
[           resources] Started resource esx_jobs
[    c-scripting-core] Creating script environments for esx_lscustom
[           resources] Started resource esx_lscustom
[    c-scripting-core] Creating script environments for esx_society
[           resources] Started resource esx_society
[    c-scripting-core] Creating script environments for esx_mechanicjob
[           resources] Started resource esx_mechanicjob
[    c-scripting-core] Creating script environments for esx_optionalneeds
[           resources] Started resource esx_optionalneeds
[    c-scripting-core] Creating script environments for esx_policejob
[           resources] Started resource esx_policejob
[    c-scripting-core] Creating script environments for esx_property
[           resources] Started resource esx_property
[    c-scripting-core] Creating script environments for esx_rpchat
[           resources] Started resource esx_rpchat
[    c-scripting-core] Creating script environments for esx_service
[           resources] Started resource esx_service
[    c-scripting-core] Creating script environments for esx_sit
[           resources] Started resource esx_sit
[    c-scripting-core] Creating script environments for esx_taxijob
[           resources] Started resource esx_taxijob
[    c-scripting-core] Creating script environments for ox_lib
[           resources] Started resource ox_lib
[    c-scripting-core] Creating script environments for ox_target
[           resources] Started resource ox_target
[    c-scripting-core] Creating script environments for ox_doorlock
[           resources] Started resource ox_doorlock
[38;5;161m[    c-scripting-core] Creating script environments for ox_inventory
[           resources] Started resource ox_inventory
[    c-scripting-core] Creating script environments for ox_fuel
[           resources] Started resource ox_fuel
[      script:oxmysql] [10.4.28-MariaDB] Database server connection established!
[ script:ox_inventory] [info] Database contains 33 items.
[  script:es_extended] [INFO] ESX Legacy 1.10.2 initialized!
[ citizen-server-impl]         fff                          
[ citizen-server-impl]   cccc ff   xx  xx     rr rr    eee  
[ citizen-server-impl] cc     ffff   xx       rrr  r ee   e 
[ citizen-server-impl] cc     ff     xx   ... rr     eeeee  
[ citizen-server-impl]  ccccc ff   xx  xx ... rr      eeeee 
[ citizen-server-impl]                                      
[ citizen-server-impl] Authenticated with cfx.re Nucleus: https://haikun-ogrdox.users.cfx.re/
[      script:esx_hud] [INFO[0m] esx_hud: Vous utilisez la dernière version!
[ script:ox_inventory] [0m[info] Inventory has loaded 235 items
[ script:esx_property] [INFO[0m] Added Property into datastore_data table
> txaEvent "serverShuttingDown" "{＂delay＂:5000,＂author＂:＂haikun＂,＂message＂:＂Le serveur redémarre (requested by haikun).＂}"
[      script:monitor] [txAdmin] Server shutdown imminent. Kicking all players.
[      script:hardcap] Connecting: sSky_Alph4

================================================================
======== FXServer Starting - 03/11/2023, 16:40:43               
================================================================
[           resources] Scanning resources.
[           resources] Found 80 resources.
[          svadhesive] Authenticating server license key...
[          svadhesive] Server license key authentication succeeded. Welcome!
[    c-scripting-core] Creating script environments for sessionmanager
[           resources] Started resource sessionmanager
[    c-scripting-core] [0mCreating script environments for monitor
[      script:monitor] [txAdmin] Resource v6.0.2 threads and commands set up. All Ready.
[           resources] Started resource monitor
[ citizen-server-impl] Could not open esxLogo.png for reading.
[    c-scripting-core] Creating script environments for yarn
[           resources] Started resource yarn
[    c-scripting-core] [97mCreating script environments for webpack
[           resources] Started resource webpack
[    c-scripting-core] Creating script environments for chat
[           resources] [97mStarted resource chat
[           resources] Started resource spawnmanager
[    c-scripting-core] Creating script environments for hardcap
[           resources] Started resource hardcap
[    c-scripting-core] Creating script environments for oxmysql
[           resources] Started resource oxmysql
[           resources] Started resource bob74_ipl
[    c-scripting-core] [97mCreating script environments for cron
[           resources] Started resource cron
[    c-scripting-core] Creating script environments for es_extended
[           resources] Started resource es_extended
[    c-scripting-core] Creating script environments for esx_context
[           resources] Started resource esx_context
[    c-scripting-core] Creating script environments for esx_identity
[           resources] Started resource esx_identity
[    c-scripting-core] Creating script environments for esx_loadingscreen
[           resources] Started resource esx_loadingscreen
[           resources] Started resource esx_menu_default
[           resources] Started resource esx_menu_dialog
[           resources] Started resource esx_menu_list
[           resources] Started resource skinchanger
[    c-scripting-core] Creating script environments for esx_skin
[           resources] Started resource esx_skin
[    c-scripting-core] Creating script environments for esx_multicharacter
[           resources] Started resource esx_multicharacter
[    c-scripting-core] Creating script environments for esx_notify
[           resources] Started resource esx_notify
[    c-scripting-core] Creating script environments for esx_progressbar
[           resources] Started resource esx_progressbar
[    c-scripting-core] Creating script environments for esx_textui
[           resources] Started resource esx_textui
[    c-scripting-core] Creating script environments for pma-voice
[           resources] Started resource pma-voice
[    c-scripting-core] Creating script environments for esx_datastore
[           resources] Started resource esx_datastore
[    c-scripting-core] Creating script environments for esx_accessories
[           resources] Started resource esx_accessories
[    c-scripting-core] Creating script environments for esx_addonaccount
[           resources] Started resource esx_addonaccount
[    c-scripting-core] [97mCreating script environments for esx_addoninventory
[           resources] Started resource esx_addoninventory
[    c-scripting-core] Creating script environments for esx_vehicleshop
[           resources] Started resource esx_vehicleshop
[    c-scripting-core] Creating script environments for esx_ambulancejob
[           resources] Started resource esx_ambulancejob
[           resources] Started resource esx_animations
[    c-scripting-core] Creating script environments for esx_banking
[           resources] Started resource esx_banking
[    c-scripting-core] Creating script environments for esx_barbershop
[           resources] Started resource esx_barbershop
[    c-scripting-core] Creating script environments for esx_status
[           resources] Started resource esx_status
[    c-scripting-core] Creating script environments for esx_basicneeds
[           resources] Started resource esx_basicneeds
[    c-scripting-core] [97mCreating script environments for esx_billing
[           resources] Started resource esx_billing
[    c-scripting-core] Creating script environments for esx_boat
[           resources] Started resource esx_boat
[    c-scripting-core] Creating script environments for esx_clotheshop
[           resources] Started resource esx_clotheshop
[           resources] Started resource esx_cruisecontrol
[    c-scripting-core] Creating script environments for esx_license
[           resources] Started resource esx_license
[    c-scripting-core] Creating script environments for esx_dmvschool
[           resources] [0mStarted resource esx_dmvschool
[    c-scripting-core] Creating script environments for esx_drugs
[           resources] Started resource esx_drugs
[    c-scripting-core] Creating script environments for esx_garage
[           resources] Started resource esx_garage
[    c-scripting-core] Creating script environments for esx_hud
[           resources] Started resource esx_hud
[    c-scripting-core] Creating script environments for esx_joblisting
[           resources] Started resource esx_joblisting
[    c-scripting-core] Creating script environments for esx_jobs
[           resources] Started resource esx_jobs
[    c-scripting-core] Creating script environments for esx_lscustom
[           resources] [0mStarted resource esx_lscustom
[    c-scripting-core] Creating script environments for esx_society
[38;5;83m[           resources] Started resource esx_society
[    c-scripting-core] Creating script environments for esx_mechanicjob
[           resources] Started resource esx_mechanicjob
[    c-scripting-core] Creating script environments for esx_optionalneeds
[           resources] Started resource esx_optionalneeds
[    c-scripting-core] Creating script environments for esx_policejob
[           resources] Started resource esx_policejob
[    c-scripting-core] Creating script environments for esx_property
[           resources] Started resource esx_property
[    c-scripting-core] Creating script environments for esx_rpchat
[           resources] Started resource esx_rpchat
[    c-scripting-core] Creating script environments for esx_service
[           resources] Started resource esx_service
[    c-scripting-core] Creating script environments for esx_sit
[           resources] Started resource esx_sit
[    c-scripting-core] Creating script environments for esx_taxijob
[           resources] Started resource esx_taxijob
[    c-scripting-core] Creating script environments for ox_lib
[           resources] Started resource ox_lib
[    c-scripting-core] Creating script environments for ox_target
[           resources] Started resource ox_target
[    c-scripting-core] Creating script environments for ox_doorlock
[           resources] Started resource ox_doorlock
[    c-scripting-core] Creating script environments for ox_inventory
[           resources] Started resource ox_inventory
[    c-scripting-core] Creating script environments for ox_fuel
[           resources] Started resource ox_fuel
[      script:oxmysql] [10.4.28-MariaDB] Database server connection established!
[ script:ox_inventory] [info] Database contains 33 items.
[  script:es_extended] [INFO] ESX [36mLegacy 1.10.2 initialized!
[ citizen-server-impl]         fff                          
[ citizen-server-impl]   cccc ff   xx  xx     rr rr    eee  
[ citizen-server-impl] cc     ffff   xx       rrr  r ee   e 
[ citizen-server-impl] cc     ff     xx   ... rr     eeeee  
[ citizen-server-impl]  ccccc ff   xx  xx ... rr      eeeee 
[ citizen-server-impl]                                      
[ citizen-server-impl] Authenticated with cfx.re Nucleus: https://haikun-ogrdox.users.cfx.re/
[      script:esx_hud] [INFO] esx_hud: Vous utilisez la dernière version!
[ script:ox_inventory] [info] Inventory has loaded 235 items
[ script:esx_property] [INFO] Added Property into datastore_data table
[      script:hardcap] Connecting: sSky_Alph4
[  script:es_extended] [INFO] Player "Petosh Mores" has connected to the server. ID: 1
[      script:hardcap] Connecting: y
[  script:es_extended] [INFO[97m] Player "Heuss Capone" has connected to the server. ID: 2
[  script:es_extended] [ERROR] Tried to spawn invalid vehicle - m3g80!
> txaReportResources
[      script:monitor] [txAdmin] Sending resources list to txAdmin.
> ensure "m3g80"
[     resources:m3g80] Warning: could not find file `data/**/vehiclelayouts.meta` (defined in fxmanifest.lua:4)
[resources:m3g80:stre] Asset m3g80/m3g80.yft uses 24.6 MiB of virtual memory.
[resources:m3g80:stre] Asset m3g80/m3g80.ytd uses 26.0 MiB of physical memory.
[resources:m3g80:stre] Asset m3g80/m3g80_hi.yft uses 21.8 MiB of virtual memory.
[           resources] Started resource m3g80 (4 warnings)
> txaReportResources
[      script:monitor] [txAdmin][97m Sending resources list to txAdmin.
[  script:es_extended] [ERROR] Tried to spawn invalid vehicle - g3m80!
[  script:es_extended] [INFO] Saved 2 players over 0.0 ms
[      script:oxmysql] Error: esx_banking was unable to execute a query!
[      script:oxmysql] Query: INSERT INTO banking (identifier, label, type, amount, time, balance) VALUES (?, ?, ?, ?, ?, ?)
[      script:oxmysql] ["char1:852fbff42d6240721fd944c42547602a86a6825e","WITHDRAW","WITHDRAW",50000,1699026772000,3200]
[      script:oxmysql] Unknown column 'label' in 'field list'
[  script:es_extended] [INFO] Saved 2 players over [36m0.0 ms
[  script:es_extended] [INFO] Saved player [36m"Petosh Mores"
[  script:es_extended] [INFO] Saved 1 player over 0.0 ms
> txaEvent "serverShuttingDown" "{＂delay＂:5000,＂author＂:＂haikun＂,＂message＂:＂Le serveur redémarre (requested by haikun).＂}"
[      script:monitor] [txAdmin] Server shutdown imminent. Kicking all players.
[  script:es_extended] [INFO] Saved 1 player over 0.0 ms
[  script:es_extended] [INFO] Saved player "Heuss Capone"

================================================================
======== FXServer Starting - 03/11/2023, 17:10:59               
================================================================
[           resources] Scanning resources.[0m
[           resources] Found 80 resources.
[          svadhesive] Authenticating server license key...
[          svadhesive] Server license key authentication succeeded. Welcome!
[    c-scripting-core] Creating script environments for sessionmanager
[           resources] Started resource sessionmanager
[    c-scripting-core] [0mCreating script environments for monitor
[      script:monitor] [txAdmin] Resource v6.0.2 threads and commands set up. All Ready.
[           resources] Started resource monitor
[ citizen-server-impl] Could not open esxLogo.png for reading.
[    c-scripting-core] Creating script environments for yarn
[           resources] Started resource yarn
[    c-scripting-core] Creating script environments for webpack
[           resources] Started resource webpack
[    c-scripting-core] Creating script environments for chat
[           resources] Started resource chat
[           resources] Started resource spawnmanager
[    c-scripting-core] Creating script environments for hardcap
[           resources] Started resource hardcap
[    c-scripting-core] Creating script environments for oxmysql
[           resources] Started resource oxmysql
[           resources] Started resource bob74_ipl
[    c-scripting-core] [97mCreating script environments for cron
[           resources] Started resource cron
[    c-scripting-core] Creating script environments for es_extended
[           resources] Started resource es_extended
[    c-scripting-core] Creating script environments for esx_context
[           resources] Started resource esx_context
[    c-scripting-core] Creating script environments for esx_identity
[           resources] Started resource esx_identity
[    c-scripting-core] Creating script environments for esx_loadingscreen
[           resources] Started resource esx_loadingscreen
[           resources] [0mStarted resource esx_menu_default
[           resources] Started resource esx_menu_dialog
[           resources] Started resource esx_menu_list
[           resources] Started resource skinchanger
[    c-scripting-core] Creating script environments for esx_skin
[           resources] Started resource esx_skin
[    c-scripting-core] Creating script environments for esx_multicharacter
[           resources] Started resource esx_multicharacter
[    c-scripting-core] Creating script environments for esx_notify
[           resources] Started resource esx_notify
[    c-scripting-core] Creating script environments for esx_progressbar
[           resources] Started resource esx_progressbar
[    c-scripting-core] Creating script environments for esx_textui
[           resources] Started resource esx_textui
[    c-scripting-core] [0mCreating script environments for pma-voice
[           resources] Started resource pma-voice
[    c-scripting-core] Creating script environments for esx_datastore
[           resources] Started resource esx_datastore
[    c-scripting-core] [97mCreating script environments for esx_accessories
[           resources] Started resource esx_accessories
[    c-scripting-core] Creating script environments for esx_addonaccount
[           resources] Started resource esx_addonaccount
[    c-scripting-core] Creating script environments for esx_addoninventory
[           resources] Started resource esx_addoninventory
[    c-scripting-core] Creating script environments for esx_vehicleshop
[           resources] Started resource esx_vehicleshop
[    c-scripting-core] Creating script environments for esx_ambulancejob
[           resources] Started resource esx_ambulancejob
[           resources] Started resource esx_animations
[    c-scripting-core] Creating script environments for esx_banking
[           resources] Started resource esx_banking
[    c-scripting-core] Creating script environments for esx_barbershop
[           resources] [0mStarted resource esx_barbershop
[    c-scripting-core] Creating script environments for esx_status
[           resources] Started resource esx_status
[    c-scripting-core] Creating script environments for esx_basicneeds
[           resources] Started resource esx_basicneeds
[    c-scripting-core] Creating script environments for esx_billing
[           resources] Started resource esx_billing
[    c-scripting-core] Creating script environments for esx_boat
[           resources] Started resource esx_boat
[    c-scripting-core] Creating script environments for esx_clotheshop
[           resources] Started resource esx_clotheshop
[           resources] Started resource esx_cruisecontrol
[    c-scripting-core] Creating script environments for esx_license
[           resources] Started resource esx_license
[    c-scripting-core] Creating script environments for esx_dmvschool
[           resources] [0mStarted resource esx_dmvschool
[    c-scripting-core] Creating script environments for esx_drugs
[           resources] Started resource esx_drugs
[    c-scripting-core] Creating script environments for esx_garage
[           resources] Started resource esx_garage
[    c-scripting-core] [97mCreating script environments for esx_hud
[           resources] Started resource esx_hud
[    c-scripting-core] [0mCreating script environments for esx_joblisting
[           resources] Started resource esx_joblisting
[    c-scripting-core] Creating script environments for esx_jobs
[           resources] Started resource esx_jobs
[    c-scripting-core] [0mCreating script environments for esx_lscustom
[           resources] Started resource esx_lscustom
[    c-scripting-core] Creating script environments for esx_society
[           resources] Started resource esx_society
[    c-scripting-core] Creating script environments for esx_mechanicjob
[           resources] [97mStarted resource esx_mechanicjob
[    c-scripting-core] Creating script environments for esx_optionalneeds
[           resources] Started resource esx_optionalneeds
[    c-scripting-core] Creating script environments for esx_policejob
[           resources] Started resource esx_policejob
[    c-scripting-core] Creating script environments for esx_property
[           resources] Started resource esx_property
[    c-scripting-core] Creating script environments for esx_rpchat
[           resources] Started resource esx_rpchat
[    c-scripting-core] Creating script environments for esx_service
[           resources] Started resource esx_service
[    c-scripting-core] Creating script environments for esx_sit
[           resources] Started resource esx_sit
[    c-scripting-core] Creating script environments for esx_taxijob
[           resources] Started resource esx_taxijob
[    c-scripting-core] Creating script environments for ox_lib
[           resources] Started resource ox_lib
[    c-scripting-core] Creating script environments for ox_target
[           resources] Started resource ox_target
[    c-scripting-core] Creating script environments for ox_doorlock
[           resources] [0mStarted resource ox_doorlock
[    c-scripting-core] Creating script environments for ox_inventory
[           resources] Started resource ox_inventory
[    c-scripting-core] Creating script environments for ox_fuel
[           resources] Started resource ox_fuel
[      script:oxmysql] [10.4.28-MariaDB] Database server connection established!
[ script:ox_inventory] [info] Database contains 33 items.
[ citizen-server-impl]         fff                          
[ citizen-server-impl]   cccc ff   xx  xx     rr rr    eee  
[ citizen-server-impl] cc     ffff   xx       rrr  r ee   e 
[ citizen-server-impl] cc     ff     xx   ... rr     eeeee  
[ citizen-server-impl]  ccccc ff   xx  xx ... rr      eeeee 
[ citizen-server-impl]                                      
[ citizen-server-impl] Authenticated with cfx.re Nucleus: https://haikun-ogrdox.users.cfx.re/
[  script:es_extended] [INFO] ESX Legacy 1.10.2 initialized!
[      script:esx_hud] [INFO[0m] esx_hud: Vous utilisez la dernière version!
[ script:ox_inventory] [info] Inventory has loaded 235 items
[ script:esx_property] [INFO] Added Property into datastore_data table
[      script:hardcap] Connecting: y
[  script:es_extended] [INFO] Player "Heuss Capone" has connected to the server. ID: 1
[  script:es_extended] [ERROR] Tried to spawn invalid vehicle - m3g80!
> txaEvent "serverShuttingDown" "{＂delay＂:5000,＂author＂:＂haikun＂,＂message＂:＂Le serveur redémarre (requested by haikun).＂}"
[      script:monitor] [txAdmin] Server shutdown imminent. Kicking all players.
[  script:es_extended] [INFO] Saved player "Heuss Capone"
[  script:es_extended] [INFO] Saved 1 player over 0.0 ms

================================================================
======== FXServer Starting - 03/11/2023, 17:14:33               
================================================================
[           resources] Scanning resources.
[           resources] Found 80 resources.
[          svadhesive] Authenticating server license key...
[          svadhesive] Server license key authentication succeeded. Welcome!
[    c-scripting-core] Creating script environments for sessionmanager
[           resources] Started resource sessionmanager
[    c-scripting-core] Creating script environments for monitor
[      script:monitor] [txAdmin] Resource v6.0.2 threads and commands set up. All Ready.
[           resources] Started resource monitor
[ citizen-server-impl] Could not open esxLogo.png for reading.
[    c-scripting-core] Creating script environments for yarn
[           resources] Started resource yarn
[    c-scripting-core] Creating script environments for webpack
[           resources] Started resource webpack
[    c-scripting-core] Creating script environments for chat
[           resources] Started resource chat
[           resources] Started resource spawnmanager
[    c-scripting-core] [97mCreating script environments for hardcap
[           resources] Started resource hardcap
[    c-scripting-core] Creating script environments for oxmysql
[           resources] Started resource oxmysql
[           resources] Started resource bob74_ipl
[    c-scripting-core] Creating script environments for cron
[           resources] Started resource cron
[    c-scripting-core] Creating script environments for es_extended
[           resources] Started resource es_extended
[    c-scripting-core] Creating script environments for esx_context
[           resources] Started resource esx_context
[    c-scripting-core] Creating script environments for esx_identity
[           resources] [97mStarted resource esx_identity
[    c-scripting-core] Creating script environments for esx_loadingscreen
[           resources] [0mStarted resource esx_loadingscreen
[           resources] [0mStarted resource esx_menu_default
[           resources] Started resource esx_menu_dialog
[           resources] Started resource esx_menu_list
[           resources] Started resource skinchanger
[    c-scripting-core] Creating script environments for esx_skin
[           resources] Started resource esx_skin
[    c-scripting-core] Creating script environments for esx_multicharacter
[           resources] Started resource esx_multicharacter
[    c-scripting-core] Creating script environments for esx_notify
[           resources] Started resource esx_notify
[    c-scripting-core] Creating script environments for esx_progressbar
[           resources] Started resource esx_progressbar
[    c-scripting-core] Creating script environments for esx_textui
[           resources] Started resource esx_textui
[    c-scripting-core] Creating script environments for pma-voice
[           resources] Started resource pma-voice
[    c-scripting-core] Creating script environments for esx_datastore
[           resources] Started resource esx_datastore
[    c-scripting-core] Creating script environments for esx_accessories
[           resources] Started resource esx_accessories
[    c-scripting-core] Creating script environments for esx_addonaccount
[           resources] Started resource esx_addonaccount
[    c-scripting-core] Creating script environments for esx_addoninventory
[           resources] Started resource esx_addoninventory
[    c-scripting-core] Creating script environments for esx_vehicleshop
[           resources] Started resource esx_vehicleshop
[    c-scripting-core] Creating script environments for esx_ambulancejob
[           resources] Started resource esx_ambulancejob
[           resources] Started resource esx_animations
[    c-scripting-core] [97mCreating script environments for esx_banking
[           resources] [97mStarted resource esx_banking
[    c-scripting-core] Creating script environments for esx_barbershop
[           resources] Started resource esx_barbershop
[    c-scripting-core] Creating script environments for esx_status
[           resources] Started resource esx_status
[    c-scripting-core] [0mCreating script environments for esx_basicneeds
[           resources] [0mStarted resource esx_basicneeds
[    c-scripting-core] Creating script environments for esx_billing
[           resources] Started resource esx_billing
[    c-scripting-core] [0mCreating script environments for esx_boat
[           resources] Started resource esx_boat
[    c-scripting-core] Creating script environments for esx_clotheshop
[           resources] Started resource esx_clotheshop
[           resources] Started resource esx_cruisecontrol
[    c-scripting-core] [97mCreating script environments for esx_license
[           resources] Started resource esx_license
[    c-scripting-core] Creating script environments for esx_dmvschool
[           resources] Started resource esx_dmvschool
[    c-scripting-core] Creating script environments for esx_drugs
[           resources] [0mStarted resource esx_drugs
[    c-scripting-core] Creating script environments for esx_garage
[           resources] Started resource esx_garage
[    c-scripting-core] Creating script environments for esx_hud
[           resources] Started resource esx_hud
[    c-scripting-core] Creating script environments for esx_joblisting
[           resources] Started resource esx_joblisting
[    c-scripting-core] Creating script environments for esx_jobs
[           resources] [0mStarted resource esx_jobs
[    c-scripting-core] Creating script environments for esx_lscustom
[           resources] [97mStarted resource esx_lscustom
[    c-scripting-core] Creating script environments for esx_society
[           resources] [97mStarted resource esx_society
[    c-scripting-core] Creating script environments for esx_mechanicjob
[           resources] Started resource esx_mechanicjob
[    c-scripting-core] Creating script environments for esx_optionalneeds
[           resources] Started resource esx_optionalneeds
[    c-scripting-core] Creating script environments for esx_policejob
[           resources] Started resource esx_policejob
[    c-scripting-core] Creating script environments for esx_property
[           resources] Started resource esx_property
[    c-scripting-core] Creating script environments for esx_rpchat
[           resources] Started resource esx_rpchat
[    c-scripting-core] [0mCreating script environments for esx_service
[           resources] [97mStarted resource esx_service
[    c-scripting-core] Creating script environments for esx_sit
[38;5;83m[           resources] Started resource esx_sit
[    c-scripting-core] Creating script environments for esx_taxijob
[           resources] [0mStarted resource esx_taxijob
[     resources:m3g80] Warning: could not find file `data/**/vehiclelayouts.meta` (defined in fxmanifest.lua:4)
[resources:m3g80:stre] Asset m3g80/m3g80.yft uses 24.6 MiB of virtual memory.
[resources:m3g80:stre] Asset m3g80/m3g80.ytd uses 26.0 MiB of physical memory.
[resources:m3g80:stre] Asset m3g80/m3g80_hi.yft uses 21.8 MiB of virtual memory.
[           resources] Started resource m3g80 (4 warnings)
[    c-scripting-core] Creating script environments for ox_lib
[           resources] Started resource ox_lib
[    c-scripting-core] Creating script environments for ox_target
[           resources] Started resource ox_target
[    c-scripting-core] Creating script environments for ox_doorlock
[           resources] Started resource ox_doorlock
[    c-scripting-core] Creating script environments for ox_inventory
[           resources] Started resource ox_inventory
[    c-scripting-core] Creating script environments for ox_fuel
[           resources] Started resource ox_fuel
[      script:oxmysql] [10.4.28-MariaDB] Database server connection established!
[ script:ox_inventory] [info] Database contains 33 items.
[  script:es_extended] [INFO] ESX Legacy 1.10.2 initialized!
[ citizen-server-impl]         fff                          
[ citizen-server-impl]   cccc ff   xx  xx     rr rr    eee  
[ citizen-server-impl] cc     ffff   xx       rrr  r ee   e 
[ citizen-server-impl] cc     ff     xx   ... rr     eeeee  
[ citizen-server-impl]  ccccc ff   xx  xx ... rr      eeeee 
[ citizen-server-impl]                                      
[ citizen-server-impl] Authenticated with cfx.re Nucleus: https://haikun-ogrdox.users.cfx.re/
[      script:esx_hud] [INFO] esx_hud: Vous utilisez la dernière version!
[ script:ox_inventory] [info] Inventory has loaded 235 items
[ script:esx_property] [INFO] Added Property into datastore_data table
[      script:hardcap] Connecting: y
[  script:es_extended] [INFO] Player "Heuss Capone" has connected to the server. ID: 1
[  script:es_extended] [INFO] Saved 1 player over 0.0 ms
[  script:es_extended] [INFO] Saved 1 player over 0.0 ms
[  script:es_extended] [INFO] Saved 1 player over 0.0 ms
[  script:es_extended] [INFO] Saved 1 player over 0.0 ms
[  script:es_extended] [INFO] Saved 1 player over 0.0 ms
> txaReportResources
[      script:monitor] [txAdmin] Sending resources list to txAdmin.
[      script:hardcap] Connecting: Toketsux1
[  script:es_extended] [INFO] Player "Abdoul Daroni" has connected to the server. ID: 2
> txaEvent "adminsUpdated" "[1,2]"
[      script:hardcap] Connecting: Ayrone_
> txaEvent "adminsUpdated" "[1,2,3]"
[  script:es_extended] [INFO] Player "Franklin Adams" has connected to the server. ID: 3
[         script:chat] Toketsux1: Y
[  script:es_extended] [INFO] Saved 3 players over 0.0 ms
> txaEvent "announcement" "{＂message＂:＂niquer ta lere＂,＂author＂:＂toketsux1＂}"
[  script:es_extended] [INFO] Saved player "Heuss Capone"
[  script:es_extended] [INFO] Saved 2 players over 0.0 ms
[  script:es_extended] [INFO] Saved player "Franklin Adams"
(node:22300) UnhandledPromiseRejectionWarning: Error: connect ECONNREFUSED 127.0.0.1:3306
    at __node_internal_captureLargerStackTrace (node:internal/errors:464:5)
    at __node_internal_exceptionWithHostPort (node:internal/errors:642:12)
    at TCPConnectWrap.afterConnect [as oncomplete] (node:net:1146:16)
(Use `FXServer --trace-warnings ...` to show where the warning was created)
(node:22300) UnhandledPromiseRejectionWarning: Unhandled promise rejection. This error originated either by throwing inside of an async function without a catch block, or by rejecting a promise which was not handled with .catch(). To terminate the node process on unhandled promise rejection, use the CLI flag `--unhandled-rejections=strict` (see https://nodejs.org/api/cli.html#cli_unhandled_rejections_mode). (rejection id: 1)
(node:22300) UnhandledPromiseRejectionWarning: Error: connect ECONNREFUSED 127.0.0.1:3306
    at __node_internal_captureLargerStackTrace (node:internal/errors:464:5)
    at __node_internal_exceptionWithHostPort (node:internal/errors:642:12)
    at TCPConnectWrap.afterConnect [as oncomplete] (node:net:1146:16)
(node:22300) UnhandledPromiseRejectionWarning: Unhandled promise rejection. This error originated either by throwing inside of an async function without a catch block, or by rejecting a promise which was not handled with .catch(). To terminate the node process on unhandled promise rejection, use the CLI flag `--unhandled-rejections=strict` (see https://nodejs.org/api/cli.html#cli_unhandled_rejections_mode). (rejection id: 2)
[ citizen-server-main] -> Quitting: SIGHUP received
