
================================================================
======== txAdmin Starting - 02/11/2023, 13:19:44                
================================================================
[13:43:22] txAdmin: Logger started
[14:32:46] txAdmin: Logger started
[14:56:33] txAdmin: Logger started

================================================================
======== txAdmin Starting - 02/11/2023, 15:54:21                
================================================================
[15:54:27] txAdmin: Logger started

================================================================
======== txAdmin Starting - 02/11/2023, 16:02:44                
================================================================
[16:02:47] txAdmin: Logger started

================================================================
======== txAdmin Starting - 02/11/2023, 16:16:28                
================================================================
[16:16:41] txAdmin: Logger started
[16:21:14] txAdmin: Logger started
[16:45:47] [GxLwR#1] 缥缈: joined with identifiers [license:a17e9599283da74cbb967f0498e3782f56b0d07a; xbl:2535455909261169; live:914800852106215; discord:230390621095854080; fivem:3387067; license2:a17e9599283da74cbb967f0498e3782f56b0d07a]
[16:45:54] [GxLwR#2] sSky_Alph4: joined with identifiers [license:852fbff42d6240721fd944c42547602a86a6825e; xbl:2535446758988950; live:985154497119838; discord:916025338402844722; fivem:3288645; license2:b7eb0688877971974d77fbd283fa5d791aa3d4e2]
[16:52:36] [GxLwR#1] 缥缈: enabled super jump
[16:52:55] [GxLwR#1] 缥缈: turned show player IDs on
[16:53:04] [GxLwR#1] 缥缈: turned show player IDs off
[16:53:07] [GxLwR#1] 缥缈: turned show player IDs on
[16:53:09] [GxLwR#1] 缥缈: turned show player IDs off
[16:53:19] [GxLwR#1] 缥缈: healed themself
[16:53:26] [GxLwR#1] 缥缈: spawned a vehicle (model: sc1)
[16:55:06] [GxLwR#1] 缥缈: died from suicide (Ranover by Vehicle)
[16:55:27] [GxLwR#1] 缥缈: healed themself
[16:57:19] [GxLwR#1] 缥缈: died from suicide
[16:57:41] [GxLwR#2] sSky_Alph4: enabled super jump
[16:57:52] [GxLwR#2] sSky_Alph4: enabled noclip
[16:57:54] [GxLwR#2] sSky_Alph4: became mortal (standard mode)
[16:57:59] [GxLwR#1] 缥缈: enabled god mode
[16:58:00] [GxLwR#2] sSky_Alph4: enabled noclip
[16:58:01] [GxLwR#1] 缥缈: healed themself
[16:58:02] [GxLwR#2] sSky_Alph4: became mortal (standard mode)
[16:58:13] [GxLwR#2] sSky_Alph4: became mortal (standard mode)
[16:58:21] [GxLwR#2] sSky_Alph4: spawned a vehicle (model: coquette)
[16:58:29] [GxLwR#1] 缥缈: turned show player IDs on
[16:58:30] [GxLwR#1] 缥缈: turned show player IDs off
[16:58:36] [GxLwR#2] sSky_Alph4: deleted a vehicle
[16:58:38] [GxLwR#2] sSky_Alph4: healed themself
[16:58:40] [GxLwR#1] 缥缈: made a server-wide announcement: bande de folle
[16:58:40] txAdmin: ((Broadcast) haikun): said "bande de folle"
[16:58:47] [GxLwR#2] sSky_Alph4: made a server-wide announcement: c toi la folle
[16:58:47] txAdmin: ((Broadcast) Celestibus): said "c toi la folle"
[16:59:01] [GxLwR#2] sSky_Alph4: cleared an area with 300m radius
[16:59:13] [GxLwR#2] sSky_Alph4: turned show player IDs on
[16:59:20] [GxLwR#2] sSky_Alph4: turned show player IDs off
[16:59:31] [GxLwR#2] sSky_Alph4: said "tx"
[16:59:52] [GxLwR#1] 缥缈: said "/txA"
[17:02:00] [GxLwR#2] sSky_Alph4: summoned player [#1] 缥缈
[17:02:08] [GxLwR#1] 缥缈: died from Fist by sSky_Alph4
[17:02:19] [GxLwR#2] sSky_Alph4: healed player [#1] 缥缈
[17:02:32] [GxLwR#2] sSky_Alph4: set [#1] 缥缈 on fire
[17:02:38] [GxLwR#1] 缥缈: died from suicide (Fire)
[17:02:40] [GxLwR#2] sSky_Alph4: triggered drunk effect on [#1] 缥缈
[17:02:52] [GxLwR#2] sSky_Alph4: healed player [#1] 缥缈
[17:03:02] [GxLwR#2] sSky_Alph4: triggered drunk effect on [#1] 缥缈
[17:03:11] [GxLwR#2] sSky_Alph4: enabled noclip
[17:03:20] [GxLwR#2] sSky_Alph4: became mortal (standard mode)
[17:03:45] [GxLwR#2] sSky_Alph4: turned show player IDs on
[17:03:48] [GxLwR#2] sSky_Alph4: turned show player IDs off
[17:03:49] [GxLwR#2] sSky_Alph4: turned show player IDs on
[17:03:49] [GxLwR#2] sSky_Alph4: turned show player IDs off
[17:03:50] [GxLwR#2] sSky_Alph4: turned show player IDs on
[17:03:50] [GxLwR#2] sSky_Alph4: turned show player IDs off
[17:04:00] [GxLwR#1] 缥缈: died from Fist by sSky_Alph4
[17:04:07] [GxLwR#2] sSky_Alph4: healed all players!
[17:04:36] [GxLwR#2] sSky_Alph4: spawned a vehicle (model: t20)
[17:04:48] [GxLwR#2] sSky_Alph4: said "/porter"
[17:04:55] [GxLwR#2] sSky_Alph4: said "/porter"
[17:07:03] [GxLwR#2] sSky_Alph4: healed player [#1] 缥缈
[17:07:12] [GxLwR#2] sSky_Alph4: triggered wild attack on [#1] 缥缈
[17:07:49] [GxLwR#2] sSky_Alph4: triggered wild attack on [#1] 缥缈
[17:08:08] [GxLwR#2] sSky_Alph4: turned show player IDs on
[17:08:09] [GxLwR#2] sSky_Alph4: turned show player IDs off
[17:08:10] [GxLwR#2] sSky_Alph4: turned show player IDs on
[17:08:18] [GxLwR#2] sSky_Alph4: cleared an area with 300m radius
[17:08:29] [GxLwR#1] 缥缈: died from suicide (Animal)
[17:08:42] [GxLwR#2] sSky_Alph4: healed player [#1] 缥缈
[17:08:51] [GxLwR#2] sSky_Alph4: triggered wild attack on [#1] 缥缈
[17:09:10] [GxLwR#1] 缥缈: died from suicide (Fist)
[17:09:16] [GxLwR#2] sSky_Alph4: healed player [#1] 缥缈
[17:09:22] [GxLwR#2] sSky_Alph4: triggered wild attack on [#1] 缥缈
[17:09:42] [GxLwR#1] 缥缈: died from suicide
[17:09:56] [GxLwR#2] sSky_Alph4: healed player [#1] 缥缈
[17:10:11] [GxLwR#2] sSky_Alph4: triggered drunk effect on [#1] 缥缈
[17:10:21] [GxLwR#2] sSky_Alph4: set [#1] 缥缈 on fire
[17:10:26] [GxLwR#1] 缥缈: died from suicide (Fire)
[17:10:30] [GxLwR#2] sSky_Alph4: healed player [#1] 缥缈
[17:11:16] [GxLwR#2] sSky_Alph4: enabled noclip
[17:11:28] [GxLwR#2] sSky_Alph4: became mortal (standard mode)
[17:11:34] [GxLwR#2] sSky_Alph4: summoned player [#1] 缥缈
[17:13:06] [GxLwR#1] 缥缈: teleported to player [#2] sSky_Alph4 (x=-367.530, y=-131.182, z=38.665)
[17:13:20] [GxLwR#2] sSky_Alph4: spawned a vehicle (model: t20)
[17:13:42] [GxLwR#1] 缥缈: healed themself
[17:13:45] [GxLwR#1] 缥缈: healed all players!
[17:13:56] [GxLwR#1] 缥缈: teleported to a waypoint
[17:14:05] [GxLwR#1] 缥缈: teleported to coordinates (x=-373.232, y=-123.468, z=38.260)
[17:14:11] [GxLwR#1] 缥缈: enabled super jump
[17:15:04] [GxLwR#2] sSky_Alph4: boosted their vehicle
[17:15:30] [GxLwR#1] 缥缈: died from suicide (Falling)
[17:15:34] [GxLwR#1] 缥缈: enabled god mode
[17:15:44] [GxLwR#2] sSky_Alph4: enabled noclip
[17:15:47] [GxLwR#2] sSky_Alph4: became mortal (standard mode)
[17:16:15] [GxLwR#1] 缥缈: healed player [#1] 缥缈
[17:16:19] [GxLwR#2] sSky_Alph4: enabled noclip
[17:16:20] [GxLwR#2] sSky_Alph4: became mortal (standard mode)
[17:16:21] [GxLwR#2] sSky_Alph4: enabled noclip
[17:16:45] [GxLwR#2] sSky_Alph4: became mortal (standard mode)
[17:17:11] [GxLwR#2] sSky_Alph4: enabled noclip
[17:17:22] [GxLwR#2] sSky_Alph4: became mortal (standard mode)
[17:17:33] [GxLwR#2] sSky_Alph4: said "/give money"
[17:19:37] [GxLwR#2] sSky_Alph4: turned show player IDs off
[17:19:38] [GxLwR#2] sSky_Alph4: turned show player IDs on
[17:38:17] [GxLwR#1] 缥缈: enabled noclip
[17:38:18] [GxLwR#1] 缥缈: became mortal (standard mode)
[17:38:18] [GxLwR#1] 缥缈: enabled noclip
[17:38:45] [GxLwR#2] sSky_Alph4: disconnected (Server->client connection timed out. Last seen 48452 msec ago.)
[17:40:31] [GxLwR#1] 缥缈: became mortal (standard mode)
[17:40:32] [GxLwR#1] 缥缈: enabled noclip
[17:40:33] [GxLwR#1] 缥缈: became mortal (standard mode)
[17:40:34] [GxLwR#1] 缥缈: enabled noclip
[17:40:34] [GxLwR#1] 缥缈: became mortal (standard mode)
[17:40:49] [GxLwR#1] 缥缈: became mortal (standard mode)
[17:40:51] [GxLwR#1] 缥缈: enabled super jump
[17:40:53] [GxLwR#1] 缥缈: became mortal (standard mode)
[17:40:55] [GxLwR#1] 缥缈: teleported to a waypoint
[17:40:57] [GxLwR#1] 缥缈: teleported to coordinates (x=376.714, y=325.198, z=103.566)
[17:41:06] [GxLwR#1] 缥缈: spawned a vehicle (model: nemesis)
[17:41:14] [GxLwR#3] sSky_Alph4: joined with identifiers [license:852fbff42d6240721fd944c42547602a86a6825e; xbl:2535446758988950; live:985154497119838; discord:916025338402844722; fivem:3288645; license2:b7eb0688877971974d77fbd283fa5d791aa3d4e2]
[17:41:31] [GxLwR#1] 缥缈: teleported to player [#3] sSky_Alph4 (x=-110595740474267402240.000, y=-0.000, z=0.000)
[17:41:56] [GxLwR#1] 缥缈: disconnected (Exiting)
[17:42:54] [GxLwR#3] sSky_Alph4: enabled noclip
[17:42:56] [GxLwR#3] sSky_Alph4: became mortal (standard mode)
[17:50:43] [GxLwR#3] sSky_Alph4: disconnected ([txAdmin] Le serveur redémarre (requested by haikun).)
[17:50:56] txAdmin: Logger started
[17:51:15] [Qc6XR#1] sSky_Alph4: joined with identifiers [license:852fbff42d6240721fd944c42547602a86a6825e; xbl:2535446758988950; live:985154497119838; discord:916025338402844722; fivem:3288645; license2:b7eb0688877971974d77fbd283fa5d791aa3d4e2]
[17:52:31] [Qc6XR#2] 缥缈: joined with identifiers [license:a17e9599283da74cbb967f0498e3782f56b0d07a; xbl:2535455909261169; live:914800852106215; discord:230390621095854080; fivem:3387067; license2:a17e9599283da74cbb967f0498e3782f56b0d07a]
[17:55:41] [Qc6XR#2] 缥缈: said "/acc"
[18:04:50] [Qc6XR#2] 缥缈: disconnected (Exiting)
[18:07:37] [Qc6XR#1] sSky_Alph4: said "a"
[18:24:13] [Qc6XR#3] BLUEFLY: joined with identifiers [license:3b3d967131ce16c272b625a01b767953df8e1a2e; xbl:2535450213357455; live:1055520085602700; discord:1155257934687784971; fivem:12172216; license2:3b3d967131ce16c272b625a01b767953df8e1a2e]
[18:27:01] [Qc6XR#3] BLUEFLY: said "/tx-"
[18:27:28] [Qc6XR#1] sSky_Alph4: enabled noclip
[18:27:34] [Qc6XR#1] sSky_Alph4: teleported to player [#3] BLUEFLY (x=211.437, y=-819.613, z=30.628)
[18:27:54] [Qc6XR#1] sSky_Alph4: set [#3] BLUEFLY on fire
[18:28:01] [Qc6XR#3] BLUEFLY: died from suicide (Fire)
[18:28:08] [Qc6XR#1] sSky_Alph4: healed player [#3] BLUEFLY
[18:28:14] [Qc6XR#1] sSky_Alph4: triggered wild attack on [#3] BLUEFLY
[18:28:29] [Qc6XR#1] sSky_Alph4: triggered wild attack on [#3] BLUEFLY
[18:28:49] [Qc6XR#1] sSky_Alph4: triggered drunk effect on [#3] BLUEFLY
[18:29:04] [Qc6XR#1] sSky_Alph4: summoned player [#3] BLUEFLY
[18:30:05] [Qc6XR#1] sSky_Alph4: became mortal (standard mode)
[18:30:07] [Qc6XR#1] sSky_Alph4: turned show player IDs on
[18:30:09] [Qc6XR#1] sSky_Alph4: enabled noclip
[18:30:17] [Qc6XR#1] sSky_Alph4: healed player [#3] BLUEFLY
[18:30:19] [Qc6XR#1] sSky_Alph4: teleported to player [#3] BLUEFLY (x=-91.437, y=-708.079, z=34.385)
[18:30:35] [Qc6XR#1] sSky_Alph4: toggled freeze on player [#3] BLUEFLY
[18:30:44] [Qc6XR#1] sSky_Alph4: triggered wild attack on [#3] BLUEFLY
[18:30:45] [Qc6XR#1] sSky_Alph4: triggered wild attack on [#3] BLUEFLY
[18:30:45] [Qc6XR#1] sSky_Alph4: triggered wild attack on [#3] BLUEFLY
[18:30:45] [Qc6XR#1] sSky_Alph4: triggered wild attack on [#3] BLUEFLY
[18:30:45] [Qc6XR#1] sSky_Alph4: triggered wild attack on [#3] BLUEFLY
[18:30:46] [Qc6XR#1] sSky_Alph4: triggered wild attack on [#3] BLUEFLY
[18:30:46] [Qc6XR#1] sSky_Alph4: triggered wild attack on [#3] BLUEFLY
[18:30:55] [Qc6XR#1] sSky_Alph4: toggled freeze on player [#3] BLUEFLY
[18:31:16] [Qc6XR#1] sSky_Alph4: became mortal (standard mode)
[18:31:32] [Qc6XR#1] sSky_Alph4: said "/give t20"
[18:31:55] [Qc6XR#1] sSky_Alph4: spawned a vehicle (model: t20)
[18:32:03] [Qc6XR#1] sSky_Alph4: boosted their vehicle
[18:32:56] [Qc6XR#1] sSky_Alph4: summoned player [#3] BLUEFLY
[18:33:35] [Qc6XR#3] BLUEFLY: died from Fist by sSky_Alph4
[18:33:41] [Qc6XR#1] sSky_Alph4: healed player [#3] BLUEFLY
[18:39:28] [Qc6XR#1] sSky_Alph4: disconnected (Exiting)
[18:40:26] [Qc6XR#3] BLUEFLY: disconnected (Exiting)
