
================================================================
======== txAdmin Starting - 03/11/2023, 16:33:48                
================================================================

================================================================
======== Log Rotated - 03/11/2023, 16:33:49                     
================================================================
[16:34:06] txAdmin: Logger started

================================================================
======== txAdmin Starting - 03/11/2023, 16:34:49                
================================================================
[16:34:52] txAdmin: Logger started
[16:38:52] txAdmin: Logger started
[16:40:45] txAdmin: Logger started
[16:41:14] [KRqm3#1] sSky_Alph4: joined with identifiers [license:852fbff42d6240721fd944c42547602a86a6825e; xbl:2535446758988950; live:985154497119838; discord:916025338402844722; fivem:3288645; license2:b7eb0688877971974d77fbd283fa5d791aa3d4e2]
[16:41:47] [KRqm3#1] sSky_Alph4: enabled noclip
[16:41:58] [KRqm3#1] sSky_Alph4: became mortal (standard mode)
[16:42:48] [KRqm3#1] sSky_Alph4: enabled noclip
[16:42:49] [KRqm3#1] sSky_Alph4: became mortal (standard mode)
[16:44:08] [KRqm3#2] y: joined with identifiers [license:a17e9599283da74cbb967f0498e3782f56b0d07a; xbl:2535455909261169; live:914800852106215; discord:230390621095854080; fivem:3387067; license2:a17e9599283da74cbb967f0498e3782f56b0d07a]
[16:45:20] [KRqm3#2] y: enabled noclip
[16:45:37] [KRqm3#1] sSky_Alph4: spawned a vehicle (model: comet2)
[16:45:41] [KRqm3#1] sSky_Alph4: enabled noclip
[16:45:43] [KRqm3#1] sSky_Alph4: became mortal (standard mode)
[16:45:44] [KRqm3#2] y: spawned a vehicle (model: coquette)
[16:46:25] [KRqm3#1] sSky_Alph4: enabled noclip
[16:46:25] [KRqm3#1] sSky_Alph4: became mortal (standard mode)
[16:46:26] [KRqm3#1] sSky_Alph4: enabled noclip
[16:46:37] [KRqm3#1] sSky_Alph4: became mortal (standard mode)
[16:46:53] [KRqm3#1] sSky_Alph4: spawned a vehicle (model: m3g80)
[16:46:58] [KRqm3#2] y: became mortal (standard mode)
[16:47:05] [KRqm3#2] y: enabled noclip
[16:47:54] [KRqm3#2] y: spawned a vehicle (model: m3g80)
[16:48:06] [KRqm3#2] y: became mortal (standard mode)
[16:50:53] [KRqm3#1] sSky_Alph4: repaired their vehicle
[16:50:58] [KRqm3#1] sSky_Alph4: boosted their vehicle
[16:51:48] [KRqm3#2] y: boosted their vehicle
[16:51:56] [KRqm3#1] sSky_Alph4: enabled noclip
[16:51:59] [KRqm3#1] sSky_Alph4: became mortal (standard mode)
[16:54:31] [KRqm3#2] y: enabled noclip
[16:55:21] [KRqm3#2] y: became mortal (standard mode)
[17:02:37] [KRqm3#1] sSky_Alph4: disconnected (Exiting)
[17:10:53] [KRqm3#2] y: disconnected ([txAdmin] Le serveur redémarre (requested by haikun).)
[17:11:02] txAdmin: Logger started
[17:11:22] [BA9hY#1] y: joined with identifiers [license:a17e9599283da74cbb967f0498e3782f56b0d07a; xbl:2535455909261169; live:914800852106215; discord:230390621095854080; fivem:3387067; license2:a17e9599283da74cbb967f0498e3782f56b0d07a]
[17:14:27] [BA9hY#1] y: disconnected ([txAdmin] Le serveur redémarre (requested by haikun).)
[17:14:35] txAdmin: Logger started
[17:18:46] [FaFpm#1] y: joined with identifiers [license:a17e9599283da74cbb967f0498e3782f56b0d07a; xbl:2535455909261169; live:914800852106215; discord:230390621095854080; fivem:3387067; license2:a17e9599283da74cbb967f0498e3782f56b0d07a]
[17:19:58] [FaFpm#1] y: spawned a vehicle (model: m3g80)
[17:25:27] [FaFpm#1] y: deleted a vehicle
[17:40:54] [FaFpm#1] y: died from suicide (Falling)
[18:05:16] [FaFpm#1] y: said "/gi"
[18:05:38] [FaFpm#1] y: said "/give"
[18:06:06] [FaFpm#1] y: died from suicide (Fist)
[18:06:55] [FaFpm#1] y: healed themself
[18:07:02] [FaFpm#1] y: enabled noclip
[18:07:19] [FaFpm#1] y: spawned a vehicle (model: sc1)
[18:07:21] [FaFpm#2] Toketsux1: joined with identifiers [license:707851d3ae17f403f214e2cf19df54e2d75972e2; discord:957720508336590848; fivem:11766581; license2:707851d3ae17f403f214e2cf19df54e2d75972e2]
[18:07:53] [FaFpm#1] y: became mortal (standard mode)
[18:09:41] [FaFpm#1] y: summoned player [#2] Toketsux1
[18:10:07] [FaFpm#1] y: died from Ranover by Vehicle by Toketsux1
[18:10:12] [FaFpm#1] y: set [#2] Toketsux1 on fire
[18:10:17] [FaFpm#1] y: triggered wild attack on [#2] Toketsux1
[18:10:17] [FaFpm#2] Toketsux1: died from suicide (Fire)
[18:10:22] [FaFpm#1] y: summoned player [#2] Toketsux1
[18:10:31] [FaFpm#1] y: healed themself
[18:10:37] [FaFpm#3] Ayrone_: joined with identifiers [license:c1d5cbae5fe316c80f1933d0aa02536ed60b712a; xbl:2535435019018482; live:914799240574232; discord:1086961495755194399; license2:c1d5cbae5fe316c80f1933d0aa02536ed60b712a]
[18:10:54] [FaFpm#2] Toketsux1: healed themself
[18:11:18] [FaFpm#2] Toketsux1: turned show player IDs on
[18:11:45] [FaFpm#2] Toketsux1: spawned a vehicle (model: toros)
[18:12:01] [FaFpm#1] y: enabled super jump
[18:13:58] [FaFpm#1] y: summoned player [#3] Ayrone_
[18:14:08] [FaFpm#2] Toketsux1: said "Y"
[18:14:43] [FaFpm#3] Ayrone_: died from Fist by Toketsux1
[18:14:48] [FaFpm#2] Toketsux1: died from Fist by y
[18:14:51] [FaFpm#3] Ayrone_: said "/meny"
[18:14:54] [FaFpm#3] Ayrone_: said "/menu"
[18:14:57] [FaFpm#2] Toketsux1: healed all players!
[18:14:59] [FaFpm#2] Toketsux1: healed themself
[18:15:03] [FaFpm#1] y: triggered wild attack on [#2] Toketsux1
[18:15:06] [FaFpm#2] Toketsux1: enabled god mode
[18:15:19] [FaFpm#1] y: enabled noclip
[18:15:21] [FaFpm#2] Toketsux1: made a server-wide announcement: niquer ta lere
[18:15:21] txAdmin: ((Broadcast) toketsux1): said "niquer ta lere"
[18:15:22] [FaFpm#1] y: healed player [#3] Ayrone_
[18:15:28] [FaFpm#1] y: became mortal (standard mode)
[18:15:29] [FaFpm#1] y: enabled noclip
[18:15:30] [FaFpm#1] y: turned show player IDs on
[18:15:31] [FaFpm#1] y: became mortal (standard mode)
[18:15:35] [FaFpm#1] y: enabled god mode
[18:15:38] [FaFpm#1] y: became mortal (standard mode)
[18:15:41] [FaFpm#1] y: enabled noclip
[18:16:00] [FaFpm#3] Ayrone_: enabled noclip
[18:16:06] [FaFpm#1] y: teleported to coordinates (x=-68.186, y=-1149.918, z=25.675)
[18:16:12] [FaFpm#1] y: spawned a vehicle (model: issi5)
[18:16:17] [FaFpm#1] y: enabled god mode
[18:16:18] [FaFpm#1] y: became mortal (standard mode)
[18:16:19] [FaFpm#1] y: became mortal (standard mode)
[18:16:19] [FaFpm#1] y: became mortal (standard mode)
[18:16:19] [FaFpm#1] y: became mortal (standard mode)
[18:16:19] [FaFpm#1] y: became mortal (standard mode)
[18:16:19] [FaFpm#1] y: became mortal (standard mode)
[18:16:19] [FaFpm#1] y: became mortal (standard mode)
[18:16:19] [FaFpm#1] y: became mortal (standard mode)
[18:16:20] [FaFpm#1] y: became mortal (standard mode)
[18:16:20] [FaFpm#3] Ayrone_: spawned a vehicle (model: f620)
[18:16:28] [FaFpm#3] Ayrone_: healed themself
[18:16:33] [FaFpm#3] Ayrone_: became mortal (standard mode)
[18:16:35] [FaFpm#2] Toketsux1: teleported to a waypoint
[18:16:39] [FaFpm#2] Toketsux1: repaired their vehicle
[18:16:41] [FaFpm#1] y: teleported to player [#3] Ayrone_ (x=-9.771, y=-1128.672, z=27.527)
[18:16:44] [FaFpm#2] Toketsux1: boosted their vehicle
[18:16:45] [FaFpm#2] Toketsux1: boosted their vehicle
[18:16:46] [FaFpm#2] Toketsux1: boosted their vehicle
[18:16:48] [FaFpm#3] Ayrone_: summoned player [#1] y
[18:16:52] [FaFpm#1] y: enabled noclip
[18:17:01] [FaFpm#3] Ayrone_: died from Ranover by Vehicle by Toketsux1
[18:17:06] [FaFpm#3] Ayrone_: summoned player [#1] y
[18:17:10] [FaFpm#1] y: enabled noclip
[18:17:11] [FaFpm#1] y: became mortal (standard mode)
[18:17:18] [FaFpm#3] Ayrone_: summoned player [#1] y
[18:17:25] [FaFpm#1] y: died from Ranover by Vehicle by Toketsux1
[18:17:36] [FaFpm#3] Ayrone_: healed player [#3] Ayrone_
[18:17:43] [FaFpm#1] y: disconnected (Exiting)
[18:22:55] [FaFpm#2] Toketsux1: healed all players!
[18:31:48] [FaFpm#3] Ayrone_: disconnected (Exiting)
[18:32:33] [FaFpm#2] Toketsux1: disconnected (Exiting)
